<?xml version="1.0" encoding="UTF-8"?>
<!-- Generated by org.testng.reporters.JUnitReportReporter -->
<testsuite hostname="DESKTOP-26OB3J1" failures="0" tests="5" name="com.noorteck.testnglecture.FruitTest" time="0.020" errors="0" timestamp="2024-02-02T21:25:16 EST" skipped="0">
  <testcase classname="com.noorteck.testnglecture.FruitTest" name="orange" time="0.007"/>
  <system-out/>
  <testcase classname="com.noorteck.testnglecture.FruitTest" name="mango" time="0.005"/>
  <system-out/>
  <testcase classname="com.noorteck.testnglecture.FruitTest" name="grape" time="0.003"/>
  <system-out/>
  <testcase classname="com.noorteck.testnglecture.FruitTest" name="banana" time="0.003"/>
  <system-out/>
  <testcase classname="com.noorteck.testnglecture.FruitTest" name="apple" time="0.002"/>
  <system-out/>
</testsuite> <!-- com.noorteck.testnglecture.FruitTest -->
