<?xml version="1.0" encoding="UTF-8"?>
<!-- Generated by org.testng.reporters.JUnitReportReporter -->
<testsuite hostname="DESKTOP-26OB3J1" failures="0" tests="1" name="com.noorteck.testnglecture.ParameterTest" time="0.006" errors="0" timestamp="2024-02-06T12:30:25 EST" skipped="0">
  <testcase classname="com.noorteck.testnglecture.ParameterTest" name="f" time="0.006"/>
  <system-out/>
</testsuite> <!-- com.noorteck.testnglecture.ParameterTest -->
