<?xml version="1.0" encoding="UTF-8"?>
<!-- Generated by org.testng.reporters.JUnitReportReporter -->
<testsuite hostname="DESKTOP-26OB3J1" failures="0" tests="9" name="com.noorteck.testnglecture.GroupingTest" time="0.024" errors="0" timestamp="2024-02-02T21:25:16 EST" skipped="0">
  <testcase classname="com.noorteck.testnglecture.GroupingTest" name="honda" time="0.005"/>
  <system-out/>
  <testcase classname="com.noorteck.testnglecture.GroupingTest" name="football" time="0.003"/>
  <system-out/>
  <testcase classname="com.noorteck.testnglecture.GroupingTest" name="benz" time="0.002"/>
  <system-out/>
  <testcase classname="com.noorteck.testnglecture.GroupingTest" name="sandwich" time="0.001"/>
  <system-out/>
  <testcase classname="com.noorteck.testnglecture.GroupingTest" name="tesla" time="0.002"/>
  <system-out/>
  <testcase classname="com.noorteck.testnglecture.GroupingTest" name="rice" time="0.002"/>
  <system-out/>
  <testcase classname="com.noorteck.testnglecture.GroupingTest" name="taco" time="0.001"/>
  <system-out/>
  <testcase classname="com.noorteck.testnglecture.GroupingTest" name="basketball" time="0.008"/>
  <system-out/>
  <testcase classname="com.noorteck.testnglecture.GroupingTest" name="soccer" time="0.000"/>
  <system-out/>
</testsuite> <!-- com.noorteck.testnglecture.GroupingTest -->
